2025-08-26 18:20:57,055 - INFO - Starting application...
2025-08-26 18:20:57,056 - INFO - Getting proxy IP for current session
2025-08-26 18:21:17,503 - INFO - Starting application...
2025-08-26 18:21:17,503 - INFO - Getting proxy IP for current session
2025-08-26 18:21:19,132 - INFO - Proxy url dict created for request
2025-08-26 18:21:19,133 - INFO - proxy & headers set in request session
2025-08-26 18:21:19,134 - INFO - Setting up crawler to extract data
2025-08-26 18:21:21,340 - INFO - 1 - Home_Page: 200
2025-08-26 18:21:24,194 - INFO - 2 - Hotel_Page: 200
2025-08-26 18:21:24,195 - INFO - Referer URL: https://www.marriott.com/en-us/hotels/sellc-josun-palace-a-luxury-collection-hotel-seoul-gangnam/overview/
2025-08-26 18:21:27,278 - INFO - 3 - JS_Page: 200
2025-08-26 18:21:28,358 - INFO - 4 - Standard_Form_Page: 200
2025-08-26 18:21:31,876 - INFO - 5 - Submit_Form_Page: 200
2025-08-26 18:21:32,900 - INFO - 6 - Rate_List_Menu: 200
2025-08-26 18:21:33,375 - INFO - 7 - Next_JS_Page: 200
2025-08-26 18:21:33,964 - INFO - 8 - Book_Property_Page: 200
2025-08-26 18:21:34,916 - INFO - 9 - Standard_Rate_Page: 200
2025-08-26 18:21:36,225 - INFO - 10 - Promotional_Rate_Page: 200
2025-08-26 18:21:36,226 - INFO - Saving API Response at Path:- marriott_sellc_2026-02-15_2026-02-16_response.json
2025-08-26 18:21:36,234 - INFO - Closing application...
